TN:
SF:/Users/natalie.pakki/Visual Studio Code Projects/angular_training/shop/src/polyfills.ts
FNF:0
FNH:0
LF:0
LH:0
BRF:0
BRH:0
end_of_record
TN:
SF:/Users/natalie.pakki/Visual Studio Code Projects/angular_training/shop/src/test.ts
FNF:0
FNH:0
DA:6,1
DA:8,1
DA:10,1
LF:3
LH:3
BRF:0
BRH:0
end_of_record
TN:
SF:/Users/natalie.pakki/Visual Studio Code Projects/angular_training/shop/src/app/cart/models/cart.model.ts
FN:1,(anonymous_0)
FN:2,CartModel
FNF:2
FNH:2
FNDA:1,(anonymous_0)
FNDA:2,CartModel
DA:1,1
DA:3,2
DA:4,2
DA:5,2
DA:6,2
DA:7,2
DA:8,2
DA:9,2
DA:10,2
DA:12,1
LF:10
LH:10
BRDA:3,0,0,2
BRDA:3,0,1,0
BRDA:9,1,0,2
BRDA:9,1,1,2
BRDA:10,2,0,2
BRDA:10,2,1,2
BRF:6
BRH:5
end_of_record
TN:
SF:/Users/natalie.pakki/Visual Studio Code Projects/angular_training/shop/src/app/core/core-services.module.ts
FN:1,(anonymous_0)
FN:9,(anonymous_1)
FN:10,CoreServicesModule
FNF:3
FNH:2
FNDA:1,(anonymous_0)
FNDA:1,(anonymous_1)
FNDA:0,CoreServicesModule
DA:1,1
DA:2,1
DA:3,1
DA:4,1
DA:5,1
DA:9,1
DA:12,1
DA:20,1
LF:8
LH:8
BRDA:1,0,0,1
BRDA:1,0,1,0
BRDA:1,0,2,1
BRDA:2,1,0,1
BRDA:2,1,1,0
BRDA:2,2,0,0
BRDA:2,2,1,0
BRDA:3,3,0,0
BRDA:3,3,1,1
BRDA:3,4,0,1
BRDA:3,4,1,1
BRDA:4,5,0,1
BRDA:4,5,1,0
BRDA:4,6,0,1
BRDA:4,6,1,0
BRDA:4,7,0,1
BRDA:4,7,1,0
BRDA:4,8,0,0
BRDA:4,8,1,0
BRDA:5,9,0,1
BRDA:5,9,1,0
BRDA:5,9,2,0
BRF:22
BRH:10
end_of_record
TN:
SF:/Users/natalie.pakki/Visual Studio Code Projects/angular_training/shop/src/app/core/services/app-settings.service.ts
FN:1,(anonymous_0)
FN:7,(anonymous_1)
FN:17,(anonymous_2)
FN:18,AppSettingsService
FN:22,(anonymous_4)
FN:30,(anonymous_5)
FN:36,(anonymous_6)
FNF:7
FNH:3
FNDA:1,(anonymous_0)
FNDA:1,(anonymous_1)
FNDA:1,(anonymous_2)
FNDA:0,AppSettingsService
FNDA:0,(anonymous_4)
FNDA:0,(anonymous_5)
FNDA:0,(anonymous_6)
DA:1,1
DA:2,1
DA:3,1
DA:4,2
DA:5,1
DA:7,1
DA:8,1
DA:14,1
DA:17,1
DA:19,0
DA:20,0
DA:21,0
DA:22,0
DA:23,0
DA:24,0
DA:27,0
DA:29,0
DA:31,0
DA:32,0
DA:36,1
DA:37,0
DA:39,1
DA:45,1
LF:23
LH:12
BRDA:1,0,0,1
BRDA:1,0,1,0
BRDA:1,0,2,1
BRDA:2,1,0,1
BRDA:2,1,1,0
BRDA:2,2,0,0
BRDA:2,2,1,0
BRDA:3,3,0,0
BRDA:3,3,1,1
BRDA:3,4,0,1
BRDA:3,4,1,1
BRDA:4,5,0,2
BRDA:4,5,1,0
BRDA:4,6,0,2
BRDA:4,6,1,1
BRDA:4,7,0,2
BRDA:4,7,1,0
BRDA:4,8,0,0
BRDA:4,8,1,0
BRDA:5,9,0,1
BRDA:5,9,1,0
BRDA:5,9,2,0
BRDA:7,10,0,1
BRDA:7,10,1,0
BRDA:7,10,2,1
BRDA:8,11,0,1
BRDA:8,11,1,0
BRDA:8,12,0,1
BRDA:8,12,1,1
BRDA:21,13,0,0
BRDA:21,13,1,0
BRDA:23,14,0,0
BRDA:23,14,1,0
BRF:33
BRH:16
end_of_record
TN:
SF:/Users/natalie.pakki/Visual Studio Code Projects/angular_training/shop/src/app/core/services/auth.service.ts
FN:1,(anonymous_0)
FN:11,(anonymous_1)
FN:12,AuthService
FN:15,(anonymous_3)
FN:18,(anonymous_4)
FN:20,(anonymous_5)
FNF:6
FNH:2
FNDA:1,(anonymous_0)
FNDA:1,(anonymous_1)
FNDA:0,AuthService
FNDA:0,(anonymous_3)
FNDA:0,(anonymous_4)
FNDA:0,(anonymous_5)
DA:1,1
DA:2,1
DA:3,1
DA:4,1
DA:5,1
DA:11,1
DA:13,0
DA:15,1
DA:16,0
DA:17,0
DA:18,0
DA:20,1
DA:21,0
DA:23,1
DA:28,1
LF:15
LH:10
BRDA:1,0,0,1
BRDA:1,0,1,0
BRDA:1,0,2,1
BRDA:2,1,0,1
BRDA:2,1,1,0
BRDA:2,2,0,0
BRDA:2,2,1,0
BRDA:3,3,0,0
BRDA:3,3,1,1
BRDA:3,4,0,1
BRDA:3,4,1,1
BRDA:4,5,0,1
BRDA:4,5,1,0
BRDA:4,6,0,1
BRDA:4,6,1,0
BRDA:4,7,0,1
BRDA:4,7,1,0
BRDA:4,8,0,0
BRDA:4,8,1,0
BRDA:5,9,0,1
BRDA:5,9,1,0
BRDA:5,9,2,0
BRF:22
BRH:10
end_of_record
TN:
SF:/Users/natalie.pakki/Visual Studio Code Projects/angular_training/shop/src/app/core/services/cart.service.ts
FN:1,(anonymous_0)
FN:7,(anonymous_1)
FN:13,(anonymous_2)
FN:14,CartService
FN:18,(anonymous_4)
FN:19,(anonymous_5)
FN:24,(anonymous_6)
FN:27,(anonymous_7)
FN:28,(anonymous_8)
FN:30,(anonymous_9)
FN:33,(anonymous_10)
FN:45,(anonymous_11)
FN:48,(anonymous_12)
FN:51,(anonymous_13)
FN:54,(anonymous_14)
FN:57,(anonymous_15)
FN:61,(anonymous_16)
FN:65,(anonymous_17)
FN:67,(anonymous_18)
FN:79,(anonymous_19)
FN:84,(anonymous_20)
FN:86,(anonymous_21)
FN:93,(anonymous_22)
FNF:23
FNH:9
FNDA:1,(anonymous_0)
FNDA:1,(anonymous_1)
FNDA:1,(anonymous_2)
FNDA:5,CartService
FNDA:0,(anonymous_4)
FNDA:0,(anonymous_5)
FNDA:1,(anonymous_6)
FNDA:0,(anonymous_7)
FNDA:0,(anonymous_8)
FNDA:0,(anonymous_9)
FNDA:0,(anonymous_10)
FNDA:1,(anonymous_11)
FNDA:1,(anonymous_12)
FNDA:4,(anonymous_13)
FNDA:5,(anonymous_14)
FNDA:0,(anonymous_15)
FNDA:0,(anonymous_16)
FNDA:0,(anonymous_17)
FNDA:0,(anonymous_18)
FNDA:0,(anonymous_19)
FNDA:0,(anonymous_20)
FNDA:0,(anonymous_21)
FNDA:0,(anonymous_22)
DA:1,1
DA:2,1
DA:3,1
DA:4,2
DA:5,1
DA:7,1
DA:8,1
DA:13,1
DA:15,5
DA:16,5
DA:18,1
DA:19,1
DA:20,0
DA:21,0
DA:22,0
DA:24,1
DA:25,1
DA:27,1
DA:28,0
DA:30,1
DA:31,0
DA:32,0
DA:33,0
DA:34,0
DA:35,0
DA:36,0
DA:39,0
DA:40,0
DA:42,0
DA:43,0
DA:45,1
DA:46,1
DA:48,1
DA:49,1
DA:51,1
DA:52,4
DA:54,1
DA:55,5
DA:57,1
DA:58,0
DA:59,0
DA:61,1
DA:62,0
DA:63,0
DA:65,1
DA:66,0
DA:67,0
DA:68,0
DA:69,0
DA:70,0
DA:71,0
DA:72,0
DA:73,0
DA:75,0
DA:76,0
DA:79,1
DA:80,0
DA:81,0
DA:82,0
DA:84,1
DA:85,0
DA:86,0
DA:87,0
DA:88,0
DA:89,0
DA:91,0
DA:93,1
DA:94,0
DA:95,0
DA:96,0
DA:97,0
DA:99,1
DA:105,1
LF:73
LH:32
BRDA:1,0,0,1
BRDA:1,0,1,0
BRDA:1,0,2,1
BRDA:2,1,0,1
BRDA:2,1,1,0
BRDA:2,2,0,0
BRDA:2,2,1,0
BRDA:3,3,0,0
BRDA:3,3,1,1
BRDA:3,4,0,1
BRDA:3,4,1,1
BRDA:4,5,0,2
BRDA:4,5,1,0
BRDA:4,6,0,2
BRDA:4,6,1,1
BRDA:4,7,0,2
BRDA:4,7,1,0
BRDA:4,8,0,0
BRDA:4,8,1,0
BRDA:5,9,0,1
BRDA:5,9,1,0
BRDA:5,9,2,0
BRDA:7,10,0,1
BRDA:7,10,1,0
BRDA:7,10,2,1
BRDA:8,11,0,1
BRDA:8,11,1,0
BRDA:8,12,0,1
BRDA:8,12,1,1
BRDA:31,13,0,0
BRDA:31,13,1,0
BRDA:31,13,2,0
BRDA:34,14,0,0
BRDA:34,14,1,0
BRDA:58,15,0,0
BRDA:58,15,1,0
BRDA:62,16,0,0
BRDA:62,16,1,0
BRDA:68,17,0,0
BRDA:68,17,1,0
BRDA:72,18,0,0
BRDA:72,18,1,0
BRDA:87,19,0,0
BRDA:87,19,1,0
BRF:44
BRH:16
end_of_record
TN:
SF:/Users/natalie.pakki/Visual Studio Code Projects/angular_training/shop/src/app/core/services/index.ts
FNF:0
FNH:0
LF:0
LH:0
BRF:0
BRH:0
end_of_record
TN:
SF:/Users/natalie.pakki/Visual Studio Code Projects/angular_training/shop/src/app/core/services/local-storage.service.ts
FN:1,(anonymous_0)
FN:7,(anonymous_1)
FN:12,(anonymous_2)
FN:13,LocalStorageService
FN:15,(anonymous_4)
FN:18,(anonymous_5)
FN:21,(anonymous_6)
FNF:7
FNH:3
FNDA:1,(anonymous_0)
FNDA:1,(anonymous_1)
FNDA:1,(anonymous_2)
FNDA:0,LocalStorageService
FNDA:0,(anonymous_4)
FNDA:0,(anonymous_5)
FNDA:0,(anonymous_6)
DA:1,1
DA:2,1
DA:3,1
DA:4,2
DA:5,1
DA:7,1
DA:8,1
DA:12,1
DA:15,1
DA:16,0
DA:18,1
DA:19,0
DA:21,1
DA:22,0
DA:24,1
DA:30,1
LF:16
LH:13
BRDA:1,0,0,1
BRDA:1,0,1,0
BRDA:1,0,2,1
BRDA:2,1,0,1
BRDA:2,1,1,0
BRDA:2,2,0,0
BRDA:2,2,1,0
BRDA:3,3,0,0
BRDA:3,3,1,1
BRDA:3,4,0,1
BRDA:3,4,1,1
BRDA:4,5,0,2
BRDA:4,5,1,0
BRDA:4,6,0,2
BRDA:4,6,1,1
BRDA:4,7,0,2
BRDA:4,7,1,0
BRDA:4,8,0,0
BRDA:4,8,1,0
BRDA:5,9,0,1
BRDA:5,9,1,0
BRDA:5,9,2,0
BRDA:7,10,0,1
BRDA:7,10,1,0
BRDA:7,10,2,1
BRDA:8,11,0,1
BRDA:8,11,1,0
BRDA:8,12,0,1
BRDA:8,12,1,1
BRF:29
BRH:16
end_of_record
TN:
SF:/Users/natalie.pakki/Visual Studio Code Projects/angular_training/shop/src/app/core/services/orders.service.ts
FN:1,(anonymous_0)
FN:7,(anonymous_1)
FN:10,(anonymous_2)
FN:11,(anonymous_3)
FN:18,(anonymous_4)
FN:19,OrdersService
FN:24,(anonymous_6)
FN:27,(anonymous_7)
FN:30,(anonymous_8)
FN:33,(anonymous_9)
FN:36,(anonymous_10)
FNF:11
FNH:5
FNDA:1,(anonymous_0)
FNDA:1,(anonymous_1)
FNDA:1,(anonymous_2)
FNDA:1,(anonymous_3)
FNDA:1,(anonymous_4)
FNDA:0,OrdersService
FNDA:0,(anonymous_6)
FNDA:0,(anonymous_7)
FNDA:0,(anonymous_8)
FNDA:0,(anonymous_9)
FNDA:0,(anonymous_10)
DA:1,1
DA:2,1
DA:3,1
DA:4,3
DA:5,1
DA:7,1
DA:8,1
DA:10,1
DA:11,1
DA:18,1
DA:20,0
DA:21,0
DA:22,0
DA:24,1
DA:25,0
DA:27,1
DA:28,0
DA:30,1
DA:31,0
DA:33,1
DA:34,0
DA:36,1
DA:37,0
DA:39,1
DA:46,1
LF:25
LH:17
BRDA:1,0,0,1
BRDA:1,0,1,0
BRDA:1,0,2,1
BRDA:2,1,0,1
BRDA:2,1,1,0
BRDA:2,2,0,0
BRDA:2,2,1,0
BRDA:3,3,0,0
BRDA:3,3,1,1
BRDA:3,4,0,1
BRDA:3,4,1,1
BRDA:4,5,0,3
BRDA:4,5,1,0
BRDA:4,6,0,3
BRDA:4,6,1,2
BRDA:4,7,0,3
BRDA:4,7,1,0
BRDA:4,8,0,0
BRDA:4,8,1,0
BRDA:5,9,0,1
BRDA:5,9,1,0
BRDA:5,9,2,0
BRDA:7,10,0,1
BRDA:7,10,1,0
BRDA:7,10,2,1
BRDA:8,11,0,1
BRDA:8,11,1,0
BRDA:8,12,0,1
BRDA:8,12,1,1
BRDA:10,13,0,1
BRDA:10,13,1,0
BRDA:10,13,2,1
BRF:32
BRH:18
end_of_record
TN:
SF:/Users/natalie.pakki/Visual Studio Code Projects/angular_training/shop/src/app/core/services/products-reviews.service.ts
FN:1,(anonymous_0)
FN:7,(anonymous_1)
FN:10,(anonymous_2)
FN:11,(anonymous_3)
FN:18,(anonymous_4)
FN:19,ProductsReviewsService
FN:23,(anonymous_6)
FN:26,(anonymous_7)
FN:27,(anonymous_8)
FN:27,(anonymous_9)
FN:29,(anonymous_10)
FN:32,(anonymous_11)
FN:35,(anonymous_12)
FNF:13
FNH:5
FNDA:1,(anonymous_0)
FNDA:1,(anonymous_1)
FNDA:1,(anonymous_2)
FNDA:1,(anonymous_3)
FNDA:1,(anonymous_4)
FNDA:0,ProductsReviewsService
FNDA:0,(anonymous_6)
FNDA:0,(anonymous_7)
FNDA:0,(anonymous_8)
FNDA:0,(anonymous_9)
FNDA:0,(anonymous_10)
FNDA:0,(anonymous_11)
FNDA:0,(anonymous_12)
DA:1,1
DA:2,1
DA:3,1
DA:4,3
DA:5,1
DA:7,1
DA:8,1
DA:10,1
DA:11,1
DA:18,1
DA:20,0
DA:21,0
DA:23,1
DA:24,0
DA:26,1
DA:27,0
DA:29,1
DA:30,0
DA:32,1
DA:33,0
DA:35,1
DA:36,0
DA:38,1
DA:45,1
LF:24
LH:17
BRDA:1,0,0,1
BRDA:1,0,1,0
BRDA:1,0,2,1
BRDA:2,1,0,1
BRDA:2,1,1,0
BRDA:2,2,0,0
BRDA:2,2,1,0
BRDA:3,3,0,0
BRDA:3,3,1,1
BRDA:3,4,0,1
BRDA:3,4,1,1
BRDA:4,5,0,3
BRDA:4,5,1,0
BRDA:4,6,0,3
BRDA:4,6,1,2
BRDA:4,7,0,3
BRDA:4,7,1,0
BRDA:4,8,0,0
BRDA:4,8,1,0
BRDA:5,9,0,1
BRDA:5,9,1,0
BRDA:5,9,2,0
BRDA:7,10,0,1
BRDA:7,10,1,0
BRDA:7,10,2,1
BRDA:8,11,0,1
BRDA:8,11,1,0
BRDA:8,12,0,1
BRDA:8,12,1,1
BRDA:10,13,0,1
BRDA:10,13,1,0
BRDA:10,13,2,1
BRF:32
BRH:18
end_of_record
TN:
SF:/Users/natalie.pakki/Visual Studio Code Projects/angular_training/shop/src/app/core/services/products.service.ts
FN:1,(anonymous_0)
FN:9,(anonymous_1)
FN:15,(anonymous_2)
FN:18,(anonymous_3)
FN:19,(anonymous_4)
FN:26,(anonymous_5)
FN:27,ProductsService
FN:32,(anonymous_7)
FN:35,(anonymous_8)
FN:38,(anonymous_9)
FN:42,(anonymous_10)
FN:45,(anonymous_11)
FN:47,(anonymous_12)
FN:51,(anonymous_13)
FNF:14
FNH:5
FNDA:0,(anonymous_0)
FNDA:1,(anonymous_1)
FNDA:1,(anonymous_2)
FNDA:1,(anonymous_3)
FNDA:1,(anonymous_4)
FNDA:1,(anonymous_5)
FNDA:0,ProductsService
FNDA:0,(anonymous_7)
FNDA:0,(anonymous_8)
FNDA:0,(anonymous_9)
FNDA:0,(anonymous_10)
FNDA:0,(anonymous_11)
FNDA:0,(anonymous_12)
FNDA:0,(anonymous_13)
DA:1,1
DA:2,0
DA:3,0
DA:4,0
DA:5,0
DA:7,0
DA:9,1
DA:10,1
DA:11,1
DA:12,3
DA:13,1
DA:15,1
DA:16,1
DA:18,1
DA:19,1
DA:26,1
DA:28,0
DA:29,0
DA:30,0
DA:32,1
DA:33,0
DA:35,1
DA:36,0
DA:38,1
DA:39,0
DA:40,0
DA:42,1
DA:43,0
DA:45,1
DA:46,0
DA:47,0
DA:48,0
DA:51,1
DA:52,0
DA:54,1
DA:61,1
LF:36
LH:19
BRDA:1,0,0,1
BRDA:1,0,1,0
BRDA:1,0,2,1
BRDA:1,0,3,0
BRDA:4,1,0,0
BRDA:4,1,1,0
BRDA:9,2,0,1
BRDA:9,2,1,0
BRDA:9,2,2,1
BRDA:10,3,0,1
BRDA:10,3,1,0
BRDA:10,4,0,0
BRDA:10,4,1,0
BRDA:11,5,0,0
BRDA:11,5,1,1
BRDA:11,6,0,1
BRDA:11,6,1,1
BRDA:12,7,0,3
BRDA:12,7,1,0
BRDA:12,8,0,3
BRDA:12,8,1,2
BRDA:12,9,0,3
BRDA:12,9,1,0
BRDA:12,10,0,0
BRDA:12,10,1,0
BRDA:13,11,0,1
BRDA:13,11,1,0
BRDA:13,11,2,0
BRDA:15,12,0,1
BRDA:15,12,1,0
BRDA:15,12,2,1
BRDA:16,13,0,1
BRDA:16,13,1,0
BRDA:16,14,0,1
BRDA:16,14,1,1
BRDA:18,15,0,1
BRDA:18,15,1,0
BRDA:18,15,2,1
BRDA:39,16,0,0
BRDA:39,16,1,0
BRDA:39,16,2,0
BRF:41
BRH:20
end_of_record
TN:
SF:/Users/natalie.pakki/Visual Studio Code Projects/angular_training/shop/src/app/layout/components/header/header.component.ts
FN:1,(anonymous_0)
FN:7,(anonymous_1)
FN:12,(anonymous_2)
FN:13,HeaderComponent
FN:16,(anonymous_4)
FNF:5
FNH:5
FNDA:1,(anonymous_0)
FNDA:1,(anonymous_1)
FNDA:1,(anonymous_2)
FNDA:5,HeaderComponent
FNDA:5,(anonymous_4)
DA:1,1
DA:2,1
DA:3,1
DA:4,2
DA:5,1
DA:7,1
DA:8,1
DA:12,1
DA:14,5
DA:16,1
DA:18,1
DA:26,1
LF:12
LH:12
BRDA:1,0,0,1
BRDA:1,0,1,0
BRDA:1,0,2,1
BRDA:2,1,0,1
BRDA:2,1,1,0
BRDA:2,2,0,0
BRDA:2,2,1,0
BRDA:3,3,0,0
BRDA:3,3,1,1
BRDA:3,4,0,1
BRDA:3,4,1,1
BRDA:4,5,0,2
BRDA:4,5,1,0
BRDA:4,6,0,2
BRDA:4,6,1,1
BRDA:4,7,0,2
BRDA:4,7,1,0
BRDA:4,8,0,0
BRDA:4,8,1,0
BRDA:5,9,0,1
BRDA:5,9,1,0
BRDA:5,9,2,0
BRDA:7,10,0,1
BRDA:7,10,1,0
BRDA:7,10,2,1
BRDA:8,11,0,1
BRDA:8,11,1,0
BRDA:8,12,0,1
BRDA:8,12,1,1
BRF:29
BRH:16
end_of_record
TN:
SF:/Users/natalie.pakki/Visual Studio Code Projects/angular_training/shop/src/app/shared/order-by.pipe.ts
FN:1,(anonymous_0)
FN:8,(anonymous_1)
FN:9,OrderByPipe
FN:11,(anonymous_3)
FN:12,(anonymous_4)
FNF:5
FNH:5
FNDA:1,(anonymous_0)
FNDA:1,(anonymous_1)
FNDA:1,OrderByPipe
FNDA:2,(anonymous_3)
FNDA:6,(anonymous_4)
DA:1,1
DA:2,1
DA:3,1
DA:4,1
DA:5,1
DA:8,1
DA:11,1
DA:12,2
DA:13,6
DA:14,6
DA:15,6
DA:16,0
DA:18,6
DA:19,0
DA:21,6
DA:22,0
DA:24,6
DA:25,0
DA:27,6
DA:28,2
DA:30,4
DA:32,2
DA:34,1
DA:39,1
LF:24
LH:20
BRDA:1,0,0,1
BRDA:1,0,1,0
BRDA:1,0,2,1
BRDA:2,1,0,1
BRDA:2,1,1,0
BRDA:2,2,0,0
BRDA:2,2,1,0
BRDA:3,3,0,0
BRDA:3,3,1,1
BRDA:3,4,0,1
BRDA:3,4,1,1
BRDA:4,5,0,1
BRDA:4,5,1,0
BRDA:4,6,0,1
BRDA:4,6,1,0
BRDA:4,7,0,1
BRDA:4,7,1,0
BRDA:4,8,0,0
BRDA:4,8,1,0
BRDA:5,9,0,1
BRDA:5,9,1,0
BRDA:5,9,2,0
BRDA:15,10,0,0
BRDA:15,10,1,6
BRDA:15,11,0,6
BRDA:15,11,1,0
BRDA:18,12,0,0
BRDA:18,12,1,6
BRDA:18,13,0,6
BRDA:18,13,1,0
BRDA:19,14,0,0
BRDA:19,14,1,0
BRDA:21,15,0,0
BRDA:21,15,1,6
BRDA:21,16,0,6
BRDA:21,16,1,6
BRDA:22,17,0,0
BRDA:22,17,1,0
BRDA:24,18,0,0
BRDA:24,18,1,6
BRDA:27,19,0,2
BRDA:27,19,1,4
BRDA:28,20,0,0
BRDA:28,20,1,2
BRDA:30,21,0,1
BRDA:30,21,1,3
BRF:46
BRH:23
end_of_record
TN:
SF:/Users/natalie.pakki/Visual Studio Code Projects/angular_training/shop/src/app/shared/services/http-service.service.ts
FN:2,(anonymous_0)
FN:3,HttpService
FN:6,(anonymous_2)
FN:9,(anonymous_3)
FN:12,(anonymous_4)
FN:17,(anonymous_5)
FN:24,(anonymous_6)
FN:31,(anonymous_7)
FNF:8
FNH:1
FNDA:1,(anonymous_0)
FNDA:0,HttpService
FNDA:0,(anonymous_2)
FNDA:0,(anonymous_3)
FNDA:0,(anonymous_4)
FNDA:0,(anonymous_5)
FNDA:0,(anonymous_6)
FNDA:0,(anonymous_7)
DA:2,1
DA:4,0
DA:6,1
DA:7,0
DA:9,1
DA:10,0
DA:12,1
DA:13,0
DA:14,0
DA:15,0
DA:17,1
DA:18,0
DA:21,0
DA:24,1
DA:25,0
DA:28,0
DA:31,1
DA:32,0
DA:33,0
DA:35,1
LF:20
LH:8
BRDA:13,0,0,0
BRDA:13,0,1,0
BRF:2
BRH:0
end_of_record
TN:
SF:/Users/natalie.pakki/Visual Studio Code Projects/angular_training/shop/src/assets/app.config.ts
FNF:0
FNH:0
DA:2,1
DA:3,1
DA:4,1
DA:5,1
DA:6,1
DA:7,1
DA:8,1
DA:9,1
DA:13,1
DA:17,1
LF:10
LH:10
BRF:0
BRH:0
end_of_record
TN:
SF:/Users/natalie.pakki/Visual Studio Code Projects/angular_training/shop/src/tests/router-stubs.ts
FN:1,(anonymous_0)
FN:7,(anonymous_1)
FN:12,(anonymous_2)
FN:13,ActivatedRouteStub
FN:20,(anonymous_4)
FN:21,(anonymous_5)
FN:30,(anonymous_6)
FN:42,(anonymous_7)
FN:43,RouterStub
FN:45,(anonymous_9)
FN:46,(anonymous_10)
FN:53,(anonymous_11)
FN:54,RouterLinkStubDirective
FN:57,(anonymous_13)
FN:78,(anonymous_14)
FN:79,RouterOutletStubComponent
FNF:16
FNH:8
FNDA:5,(anonymous_0)
FNDA:1,(anonymous_1)
FNDA:1,(anonymous_2)
FNDA:0,ActivatedRouteStub
FNDA:0,(anonymous_4)
FNDA:0,(anonymous_5)
FNDA:0,(anonymous_6)
FNDA:1,(anonymous_7)
FNDA:0,RouterStub
FNDA:0,(anonymous_9)
FNDA:0,(anonymous_10)
FNDA:1,(anonymous_11)
FNDA:20,RouterLinkStubDirective
FNDA:4,(anonymous_13)
FNDA:1,(anonymous_14)
FNDA:0,RouterOutletStubComponent
DA:1,1
DA:2,5
DA:3,5
DA:4,6
DA:5,5
DA:7,1
DA:8,1
DA:12,1
DA:14,0
DA:16,0
DA:18,1
DA:20,0
DA:22,0
DA:23,0
DA:28,1
DA:31,0
DA:36,1
DA:39,1
DA:42,1
DA:45,1
DA:46,1
DA:47,1
DA:50,1
DA:53,1
DA:55,20
DA:57,1
DA:58,4
DA:60,1
DA:64,1
DA:74,1
DA:78,1
DA:81,1
DA:84,1
LF:33
LH:27
BRDA:1,0,0,1
BRDA:1,0,1,0
BRDA:1,0,2,1
BRDA:2,1,0,4
BRDA:2,1,1,1
BRDA:2,2,0,0
BRDA:2,2,1,1
BRDA:3,3,0,0
BRDA:3,3,1,5
BRDA:3,4,0,5
BRDA:3,4,1,5
BRDA:4,5,0,6
BRDA:4,5,1,0
BRDA:4,6,0,6
BRDA:4,6,1,2
BRDA:4,7,0,4
BRDA:4,7,1,2
BRDA:4,8,0,2
BRDA:4,8,1,0
BRDA:5,9,0,5
BRDA:5,9,1,1
BRDA:5,9,2,0
BRDA:7,10,0,1
BRDA:7,10,1,0
BRDA:7,10,2,1
BRDA:8,11,0,1
BRDA:8,11,1,0
BRDA:8,12,0,1
BRDA:8,12,1,1
BRF:29
BRH:21
end_of_record
